<?xml version="1.0" encoding="UTF-8"?>
<!-- Generated by org.testng.reporters.JUnitXMLReporter -->
<testsuite ignored="1" hostname="FFE-Penugonda-Sai-Durga" failures="0" tests="1" name="Test" time="14.663" errors="0" timestamp="2025-08-20T11:19:17 IST">
  <testcase classname="NinzaCrm.CampaignTest.CampaignTest" name="sample" time="0.022"/>
  <testcase classname="NinzaCrm.CampaignTest.CampaignTest" name="CreateCampaignTest" time="0.0">
    <ignored/>
  </testcase> <!-- CreateCampaignTest -->
</testsuite> <!-- Test -->
